{"C:\\Users\\HP\\Desktop\\E-health\\logInUsers\\loginUsers.controller.ts": {"path":"C:\\Users\\HP\\Desktop\\E-health\\logInUsers\\loginUsers.controller.ts","statementMap":{"0":{"start":{"line":2,"column":0},"end":{"line":2,"column":21}},"1":{"start":{"line":4,"column":0},"end":{"line":4,"column":51}},"2":{"start":{"line":5,"column":0},"end":{"line":5,"column":30}},"3":{"start":{"line":6,"column":0},"end":{"line":6,"column":31}},"4":{"start":{"line":7,"column":0},"end":{"line":7,"column":null}},"5":{"start":{"line":9,"column":0},"end":{"line":9,"column":13}},"6":{"start":{"line":10,"column":4},"end":{"line":10,"column":null}},"7":{"start":{"line":11,"column":18},"end":{"line":11,"column":61}},"8":{"start":{"line":11,"column":62},"end":{"line":11,"column":113}},"9":{"start":{"line":13,"column":10},"end":{"line":46,"column":null}},"10":{"start":{"line":14,"column":12},"end":{"line":14,"column":null}},"11":{"start":{"line":16,"column":12},"end":{"line":16,"column":48}},"12":{"start":{"line":17,"column":8},"end":{"line":21,"column":null}},"13":{"start":{"line":18,"column":18},"end":{"line":18,"column":null}},"14":{"start":{"line":19,"column":16},"end":{"line":19,"column":null}},"15":{"start":{"line":20,"column":12},"end":{"line":20,"column":null}},"16":{"start":{"line":24,"column":23},"end":{"line":24,"column":null}},"17":{"start":{"line":24,"column":16},"end":{"line":24,"column":null}},"18":{"start":{"line":25,"column":12},"end":{"line":28,"column":null}},"19":{"start":{"line":26,"column":20},"end":{"line":26,"column":null}},"20":{"start":{"line":27,"column":16},"end":{"line":27,"column":null}},"21":{"start":{"line":29,"column":32},"end":{"line":29,"column":null}},"22":{"start":{"line":29,"column":16},"end":{"line":29,"column":null}},"23":{"start":{"line":30,"column":12},"end":{"line":33,"column":null}},"24":{"start":{"line":31,"column":20},"end":{"line":31,"column":null}},"25":{"start":{"line":32,"column":16},"end":{"line":32,"column":null}},"26":{"start":{"line":35,"column":16},"end":{"line":35,"column":null}},"27":{"start":{"line":36,"column":16},"end":{"line":39,"column":null}},"28":{"start":{"line":41,"column":14},"end":{"line":41,"column":null}},"29":{"start":{"line":44,"column":12},"end":{"line":44,"column":null}},"30":{"start":{"line":48,"column":4},"end":{"line":52,"column":null}},"31":{"start":{"line":49,"column":20},"end":{"line":49,"column":57}},"32":{"start":{"line":50,"column":8},"end":{"line":50,"column":null}},"33":{"start":{"line":54,"column":4},"end":{"line":70,"column":null}},"34":{"start":{"line":55,"column":23},"end":{"line":59,"column":10}},"35":{"start":{"line":60,"column":20},"end":{"line":66,"column":null}},"36":{"start":{"line":68,"column":29},"end":{"line":68,"column":55}},"37":{"start":{"line":69,"column":8},"end":{"line":69,"column":null}},"38":{"start":{"line":72,"column":10},"end":{"line":83,"column":null}},"39":{"start":{"line":74,"column":28},"end":{"line":76,"column":null}},"40":{"start":{"line":74,"column":16},"end":{"line":76,"column":null}},"41":{"start":{"line":77,"column":12},"end":{"line":77,"column":null}},"42":{"start":{"line":80,"column":12},"end":{"line":80,"column":null}},"43":{"start":{"line":85,"column":10},"end":{"line":97,"column":null}},"44":{"start":{"line":87,"column":32},"end":{"line":90,"column":null}},"45":{"start":{"line":87,"column":16},"end":{"line":90,"column":null}},"46":{"start":{"line":92,"column":14},"end":{"line":92,"column":null}},"47":{"start":{"line":94,"column":12},"end":{"line":94,"column":null}},"48":{"start":{"line":99,"column":4},"end":{"line":103,"column":null}},"49":{"start":{"line":100,"column":22},"end":{"line":100,"column":36}},"50":{"start":{"line":101,"column":8},"end":{"line":101,"column":null}},"51":{"start":{"line":102,"column":8},"end":{"line":102,"column":null}},"52":{"start":{"line":104,"column":0},"end":{"line":104,"column":null}},"53":{"start":{"line":9,"column":13},"end":{"line":9,"column":28}}},"fnMap":{"0":{"name":"(anonymous_16)","decl":{"start":{"line":9,"column":0},"end":{"line":9,"column":13}},"loc":{"start":{"line":9,"column":0},"end":{"line":104,"column":null}}},"1":{"name":"loginController","decl":{"start":{"line":11,"column":4},"end":{"line":11,"column":18}},"loc":{"start":{"line":11,"column":4},"end":{"line":11,"column":113}}},"2":{"name":"(anonymous_18)","decl":{"start":{"line":13,"column":4},"end":{"line":13,"column":10}},"loc":{"start":{"line":13,"column":67},"end":{"line":46,"column":null}}},"3":{"name":"(anonymous_21)","decl":{"start":{"line":48,"column":4},"end":{"line":48,"column":17}},"loc":{"start":{"line":48,"column":32},"end":{"line":52,"column":5}}},"4":{"name":"(anonymous_22)","decl":{"start":{"line":54,"column":4},"end":{"line":54,"column":16}},"loc":{"start":{"line":54,"column":29},"end":{"line":70,"column":5}}},"5":{"name":"(anonymous_23)","decl":{"start":{"line":72,"column":4},"end":{"line":72,"column":10}},"loc":{"start":{"line":72,"column":35},"end":{"line":83,"column":null}}},"6":{"name":"(anonymous_26)","decl":{"start":{"line":85,"column":4},"end":{"line":85,"column":10}},"loc":{"start":{"line":85,"column":53},"end":{"line":97,"column":null}}},"7":{"name":"(anonymous_29)","decl":{"start":{"line":99,"column":4},"end":{"line":99,"column":13}},"loc":{"start":{"line":99,"column":38},"end":{"line":103,"column":5}}}},"branchMap":{"0":{"loc":{"start":{"line":17,"column":8},"end":{"line":21,"column":null}},"type":"if","locations":[{"start":{"line":17,"column":8},"end":{"line":21,"column":null}}]},"1":{"loc":{"start":{"line":25,"column":12},"end":{"line":28,"column":null}},"type":"if","locations":[{"start":{"line":25,"column":12},"end":{"line":28,"column":null}}]},"2":{"loc":{"start":{"line":30,"column":12},"end":{"line":33,"column":null}},"type":"if","locations":[{"start":{"line":30,"column":12},"end":{"line":33,"column":null}}]}},"s":{"0":2,"1":2,"2":2,"3":2,"4":2,"5":2,"6":8,"7":8,"8":8,"9":2,"10":7,"11":7,"12":7,"13":1,"14":1,"15":1,"16":6,"17":6,"18":6,"19":2,"20":2,"21":4,"22":4,"23":4,"24":2,"25":2,"26":2,"27":2,"28":2,"29":0,"30":2,"31":0,"32":0,"33":2,"34":7,"35":7,"36":7,"37":7,"38":2,"39":0,"40":0,"41":0,"42":0,"43":2,"44":0,"45":0,"46":0,"47":0,"48":2,"49":5,"50":5,"51":5,"52":2,"53":2},"f":{"0":2,"1":8,"2":7,"3":0,"4":7,"5":0,"6":0,"7":5},"b":{"0":[1],"1":[2],"2":[2]}}
,"C:\\Users\\HP\\Desktop\\E-health\\logInUsers\\loginUsers.route.ts": {"path":"C:\\Users\\HP\\Desktop\\E-health\\logInUsers\\loginUsers.route.ts","statementMap":{"0":{"start":{"line":1,"column":0},"end":{"line":1,"column":29}},"1":{"start":{"line":2,"column":18},"end":{"line":2,"column":34}},"2":{"start":{"line":3,"column":0},"end":{"line":3,"column":55}},"3":{"start":{"line":4,"column":13},"end":{"line":4,"column":34}},"4":{"start":{"line":7,"column":4},"end":{"line":8,"column":null}},"5":{"start":{"line":9,"column":4},"end":{"line":9,"column":null}},"6":{"start":{"line":12,"column":0},"end":{"line":12,"column":null}}},"fnMap":{"0":{"name":"Regroute","decl":{"start":{"line":6,"column":9},"end":{"line":6,"column":17}},"loc":{"start":{"line":6,"column":17},"end":{"line":10,"column":1}}}},"branchMap":{},"s":{"0":1,"1":1,"2":1,"3":1,"4":1,"5":1,"6":1},"f":{"0":1},"b":{}}
,"C:\\Users\\HP\\Desktop\\E-health\\regUsers\\regUsers.controller.ts": {"path":"C:\\Users\\HP\\Desktop\\E-health\\regUsers\\regUsers.controller.ts","statementMap":{"0":{"start":{"line":3,"column":0},"end":{"line":3,"column":21}},"1":{"start":{"line":4,"column":0},"end":{"line":4,"column":41}},"2":{"start":{"line":5,"column":0},"end":{"line":5,"column":30}},"3":{"start":{"line":6,"column":0},"end":{"line":6,"column":27}},"4":{"start":{"line":7,"column":0},"end":{"line":7,"column":30}},"5":{"start":{"line":10,"column":0},"end":{"line":10,"column":13}},"6":{"start":{"line":11,"column":4},"end":{"line":11,"column":null}},"7":{"start":{"line":13,"column":8},"end":{"line":13,"column":null}},"8":{"start":{"line":16,"column":9},"end":{"line":37,"column":null}},"9":{"start":{"line":17,"column":14},"end":{"line":17,"column":null}},"10":{"start":{"line":19,"column":12},"end":{"line":19,"column":null}},"11":{"start":{"line":20,"column":8},"end":{"line":24,"column":null}},"12":{"start":{"line":21,"column":18},"end":{"line":21,"column":null}},"13":{"start":{"line":22,"column":16},"end":{"line":22,"column":null}},"14":{"start":{"line":23,"column":12},"end":{"line":23,"column":null}},"15":{"start":{"line":27,"column":12},"end":{"line":27,"column":null}},"16":{"start":{"line":28,"column":23},"end":{"line":28,"column":null}},"17":{"start":{"line":28,"column":16},"end":{"line":28,"column":null}},"18":{"start":{"line":29,"column":12},"end":{"line":31,"column":null}},"19":{"start":{"line":30,"column":16},"end":{"line":30,"column":null}},"20":{"start":{"line":33,"column":12},"end":{"line":33,"column":null}},"21":{"start":{"line":39,"column":10},"end":{"line":48,"column":null}},"22":{"start":{"line":41,"column":16},"end":{"line":41,"column":null}},"23":{"start":{"line":42,"column":28},"end":{"line":42,"column":null}},"24":{"start":{"line":42,"column":16},"end":{"line":42,"column":null}},"25":{"start":{"line":43,"column":16},"end":{"line":43,"column":69}},"26":{"start":{"line":44,"column":12},"end":{"line":44,"column":null}},"27":{"start":{"line":46,"column":12},"end":{"line":46,"column":null}},"28":{"start":{"line":50,"column":4},"end":{"line":69,"column":null}},"29":{"start":{"line":51,"column":23},"end":{"line":58,"column":10}},"30":{"start":{"line":59,"column":20},"end":{"line":65,"column":null}},"31":{"start":{"line":67,"column":29},"end":{"line":67,"column":55}},"32":{"start":{"line":68,"column":8},"end":{"line":68,"column":null}},"33":{"start":{"line":72,"column":4},"end":{"line":76,"column":null}},"34":{"start":{"line":73,"column":22},"end":{"line":73,"column":36}},"35":{"start":{"line":74,"column":8},"end":{"line":74,"column":null}},"36":{"start":{"line":75,"column":8},"end":{"line":75,"column":null}},"37":{"start":{"line":78,"column":4},"end":{"line":80,"column":null}},"38":{"start":{"line":79,"column":8},"end":{"line":79,"column":58}},"39":{"start":{"line":86,"column":0},"end":{"line":86,"column":null}},"40":{"start":{"line":10,"column":13},"end":{"line":10,"column":26}}},"fnMap":{"0":{"name":"(anonymous_16)","decl":{"start":{"line":10,"column":0},"end":{"line":10,"column":13}},"loc":{"start":{"line":10,"column":0},"end":{"line":86,"column":null}}},"1":{"name":"RegController","decl":{"start":{"line":12,"column":4},"end":{"line":12,"column":null}},"loc":{"start":{"line":12,"column":4},"end":{"line":14,"column":5}}},"2":{"name":"(anonymous_18)","decl":{"start":{"line":16,"column":3},"end":{"line":16,"column":9}},"loc":{"start":{"line":16,"column":59},"end":{"line":37,"column":null}}},"3":{"name":"(anonymous_21)","decl":{"start":{"line":39,"column":4},"end":{"line":39,"column":10}},"loc":{"start":{"line":39,"column":37},"end":{"line":48,"column":null}}},"4":{"name":"(anonymous_24)","decl":{"start":{"line":50,"column":4},"end":{"line":50,"column":20}},"loc":{"start":{"line":50,"column":36},"end":{"line":69,"column":5}}},"5":{"name":"(anonymous_25)","decl":{"start":{"line":72,"column":4},"end":{"line":72,"column":13}},"loc":{"start":{"line":72,"column":38},"end":{"line":76,"column":5}}},"6":{"name":"(anonymous_26)","decl":{"start":{"line":78,"column":4},"end":{"line":78,"column":16}},"loc":{"start":{"line":78,"column":31},"end":{"line":80,"column":5}}}},"branchMap":{"0":{"loc":{"start":{"line":20,"column":8},"end":{"line":24,"column":null}},"type":"if","locations":[{"start":{"line":20,"column":8},"end":{"line":24,"column":null}}]},"1":{"loc":{"start":{"line":29,"column":12},"end":{"line":31,"column":null}},"type":"if","locations":[{"start":{"line":29,"column":12},"end":{"line":31,"column":null}}]}},"s":{"0":2,"1":2,"2":2,"3":2,"4":2,"5":2,"6":8,"7":8,"8":2,"9":6,"10":6,"11":6,"12":3,"13":3,"14":3,"15":3,"16":3,"17":3,"18":3,"19":1,"20":0,"21":2,"22":0,"23":0,"24":0,"25":0,"26":0,"27":0,"28":2,"29":6,"30":6,"31":6,"32":6,"33":2,"34":4,"35":4,"36":4,"37":2,"38":3,"39":2,"40":2},"f":{"0":2,"1":8,"2":6,"3":0,"4":6,"5":4,"6":3},"b":{"0":[3],"1":[1]}}
,"C:\\Users\\HP\\Desktop\\E-health\\regUsers\\regUsers.model.ts": {"path":"C:\\Users\\HP\\Desktop\\E-health\\regUsers\\regUsers.model.ts","statementMap":{"0":{"start":{"line":1,"column":0},"end":{"line":1,"column":31}},"1":{"start":{"line":3,"column":19},"end":{"line":49,"column":null}},"2":{"start":{"line":54,"column":0},"end":{"line":54,"column":null}}},"fnMap":{},"branchMap":{},"s":{"0":5,"1":5,"2":5},"f":{},"b":{}}
,"C:\\Users\\HP\\Desktop\\E-health\\regUsers\\regUsers.route.ts": {"path":"C:\\Users\\HP\\Desktop\\E-health\\regUsers\\regUsers.route.ts","statementMap":{"0":{"start":{"line":1,"column":0},"end":{"line":1,"column":29}},"1":{"start":{"line":2,"column":18},"end":{"line":2,"column":34}},"2":{"start":{"line":3,"column":0},"end":{"line":3,"column":51}},"3":{"start":{"line":4,"column":13},"end":{"line":4,"column":32}},"4":{"start":{"line":7,"column":4},"end":{"line":8,"column":null}},"5":{"start":{"line":9,"column":4},"end":{"line":9,"column":null}},"6":{"start":{"line":12,"column":0},"end":{"line":12,"column":null}}},"fnMap":{"0":{"name":"Regroute","decl":{"start":{"line":6,"column":9},"end":{"line":6,"column":17}},"loc":{"start":{"line":6,"column":17},"end":{"line":10,"column":1}}}},"branchMap":{},"s":{"0":1,"1":1,"2":1,"3":1,"4":1,"5":1,"6":1},"f":{"0":1},"b":{}}
}
