{"C:\\Users\\HP\\Desktop\\E-health\\logInUsers\\loginUsers.controller.ts": {"path":"C:\\Users\\HP\\Desktop\\E-health\\logInUsers\\loginUsers.controller.ts","statementMap":{"0":{"start":{"line":2,"column":0},"end":{"line":2,"column":21}},"1":{"start":{"line":4,"column":0},"end":{"line":4,"column":51}},"2":{"start":{"line":5,"column":0},"end":{"line":5,"column":30}},"3":{"start":{"line":6,"column":0},"end":{"line":6,"column":31}},"4":{"start":{"line":7,"column":0},"end":{"line":7,"column":null}},"5":{"start":{"line":9,"column":0},"end":{"line":9,"column":13}},"6":{"start":{"line":10,"column":4},"end":{"line":10,"column":null}},"7":{"start":{"line":11,"column":18},"end":{"line":11,"column":61}},"8":{"start":{"line":11,"column":62},"end":{"line":11,"column":113}},"9":{"start":{"line":13,"column":10},"end":{"line":47,"column":null}},"10":{"start":{"line":14,"column":12},"end":{"line":14,"column":null}},"11":{"start":{"line":16,"column":12},"end":{"line":16,"column":48}},"12":{"start":{"line":17,"column":8},"end":{"line":21,"column":null}},"13":{"start":{"line":18,"column":18},"end":{"line":18,"column":null}},"14":{"start":{"line":19,"column":16},"end":{"line":19,"column":null}},"15":{"start":{"line":20,"column":12},"end":{"line":20,"column":null}},"16":{"start":{"line":24,"column":23},"end":{"line":24,"column":null}},"17":{"start":{"line":24,"column":16},"end":{"line":24,"column":null}},"18":{"start":{"line":25,"column":12},"end":{"line":28,"column":null}},"19":{"start":{"line":26,"column":20},"end":{"line":26,"column":null}},"20":{"start":{"line":27,"column":16},"end":{"line":27,"column":null}},"21":{"start":{"line":29,"column":32},"end":{"line":29,"column":null}},"22":{"start":{"line":29,"column":16},"end":{"line":29,"column":null}},"23":{"start":{"line":30,"column":12},"end":{"line":33,"column":null}},"24":{"start":{"line":31,"column":20},"end":{"line":31,"column":null}},"25":{"start":{"line":32,"column":16},"end":{"line":32,"column":null}},"26":{"start":{"line":35,"column":16},"end":{"line":35,"column":null}},"27":{"start":{"line":36,"column":16},"end":{"line":40,"column":null}},"28":{"start":{"line":42,"column":14},"end":{"line":42,"column":null}},"29":{"start":{"line":45,"column":12},"end":{"line":45,"column":null}},"30":{"start":{"line":49,"column":4},"end":{"line":53,"column":null}},"31":{"start":{"line":50,"column":20},"end":{"line":50,"column":57}},"32":{"start":{"line":51,"column":8},"end":{"line":51,"column":null}},"33":{"start":{"line":55,"column":4},"end":{"line":71,"column":null}},"34":{"start":{"line":56,"column":23},"end":{"line":60,"column":10}},"35":{"start":{"line":61,"column":20},"end":{"line":67,"column":null}},"36":{"start":{"line":69,"column":29},"end":{"line":69,"column":55}},"37":{"start":{"line":70,"column":8},"end":{"line":70,"column":null}},"38":{"start":{"line":73,"column":10},"end":{"line":84,"column":null}},"39":{"start":{"line":75,"column":28},"end":{"line":77,"column":null}},"40":{"start":{"line":75,"column":16},"end":{"line":77,"column":null}},"41":{"start":{"line":78,"column":12},"end":{"line":78,"column":null}},"42":{"start":{"line":81,"column":12},"end":{"line":81,"column":null}},"43":{"start":{"line":86,"column":10},"end":{"line":98,"column":null}},"44":{"start":{"line":88,"column":32},"end":{"line":91,"column":null}},"45":{"start":{"line":88,"column":16},"end":{"line":91,"column":null}},"46":{"start":{"line":93,"column":14},"end":{"line":93,"column":null}},"47":{"start":{"line":95,"column":12},"end":{"line":95,"column":null}},"48":{"start":{"line":100,"column":4},"end":{"line":104,"column":null}},"49":{"start":{"line":101,"column":22},"end":{"line":101,"column":36}},"50":{"start":{"line":102,"column":8},"end":{"line":102,"column":null}},"51":{"start":{"line":103,"column":8},"end":{"line":103,"column":null}},"52":{"start":{"line":105,"column":0},"end":{"line":105,"column":null}},"53":{"start":{"line":9,"column":13},"end":{"line":9,"column":28}}},"fnMap":{"0":{"name":"(anonymous_16)","decl":{"start":{"line":9,"column":0},"end":{"line":9,"column":13}},"loc":{"start":{"line":9,"column":0},"end":{"line":105,"column":null}}},"1":{"name":"loginController","decl":{"start":{"line":11,"column":4},"end":{"line":11,"column":18}},"loc":{"start":{"line":11,"column":4},"end":{"line":11,"column":113}}},"2":{"name":"(anonymous_18)","decl":{"start":{"line":13,"column":4},"end":{"line":13,"column":10}},"loc":{"start":{"line":13,"column":67},"end":{"line":47,"column":null}}},"3":{"name":"(anonymous_21)","decl":{"start":{"line":49,"column":4},"end":{"line":49,"column":17}},"loc":{"start":{"line":49,"column":32},"end":{"line":53,"column":5}}},"4":{"name":"(anonymous_22)","decl":{"start":{"line":55,"column":4},"end":{"line":55,"column":16}},"loc":{"start":{"line":55,"column":29},"end":{"line":71,"column":5}}},"5":{"name":"(anonymous_23)","decl":{"start":{"line":73,"column":4},"end":{"line":73,"column":10}},"loc":{"start":{"line":73,"column":35},"end":{"line":84,"column":null}}},"6":{"name":"(anonymous_26)","decl":{"start":{"line":86,"column":4},"end":{"line":86,"column":10}},"loc":{"start":{"line":86,"column":53},"end":{"line":98,"column":null}}},"7":{"name":"(anonymous_29)","decl":{"start":{"line":100,"column":4},"end":{"line":100,"column":13}},"loc":{"start":{"line":100,"column":38},"end":{"line":104,"column":5}}}},"branchMap":{"0":{"loc":{"start":{"line":17,"column":8},"end":{"line":21,"column":null}},"type":"if","locations":[{"start":{"line":17,"column":8},"end":{"line":21,"column":null}}]},"1":{"loc":{"start":{"line":25,"column":12},"end":{"line":28,"column":null}},"type":"if","locations":[{"start":{"line":25,"column":12},"end":{"line":28,"column":null}}]},"2":{"loc":{"start":{"line":30,"column":12},"end":{"line":33,"column":null}},"type":"if","locations":[{"start":{"line":30,"column":12},"end":{"line":33,"column":null}}]}},"s":{"0":2,"1":2,"2":2,"3":2,"4":2,"5":2,"6":8,"7":8,"8":8,"9":2,"10":7,"11":7,"12":7,"13":1,"14":1,"15":1,"16":6,"17":6,"18":6,"19":2,"20":2,"21":4,"22":4,"23":4,"24":2,"25":2,"26":2,"27":2,"28":2,"29":0,"30":2,"31":0,"32":0,"33":2,"34":7,"35":7,"36":7,"37":7,"38":2,"39":0,"40":0,"41":0,"42":0,"43":2,"44":0,"45":0,"46":0,"47":0,"48":2,"49":5,"50":5,"51":5,"52":2,"53":2},"f":{"0":2,"1":8,"2":7,"3":0,"4":7,"5":0,"6":0,"7":5},"b":{"0":[1],"1":[2],"2":[2]}}
,"C:\\Users\\HP\\Desktop\\E-health\\logInUsers\\loginUsers.route.ts": {"path":"C:\\Users\\HP\\Desktop\\E-health\\logInUsers\\loginUsers.route.ts","statementMap":{"0":{"start":{"line":1,"column":0},"end":{"line":1,"column":29}},"1":{"start":{"line":2,"column":18},"end":{"line":2,"column":34}},"2":{"start":{"line":3,"column":0},"end":{"line":3,"column":55}},"3":{"start":{"line":4,"column":13},"end":{"line":4,"column":34}},"4":{"start":{"line":7,"column":4},"end":{"line":8,"column":null}},"5":{"start":{"line":9,"column":4},"end":{"line":9,"column":null}},"6":{"start":{"line":12,"column":0},"end":{"line":12,"column":null}}},"fnMap":{"0":{"name":"Regroute","decl":{"start":{"line":6,"column":9},"end":{"line":6,"column":17}},"loc":{"start":{"line":6,"column":17},"end":{"line":10,"column":1}}}},"branchMap":{},"s":{"0":1,"1":1,"2":1,"3":1,"4":1,"5":1,"6":1},"f":{"0":1},"b":{}}
,"C:\\Users\\HP\\Desktop\\E-health\\regUsers\\regUsers.controller.ts": {"path":"C:\\Users\\HP\\Desktop\\E-health\\regUsers\\regUsers.controller.ts","statementMap":{"0":{"start":{"line":3,"column":0},"end":{"line":3,"column":21}},"1":{"start":{"line":4,"column":0},"end":{"line":4,"column":41}},"2":{"start":{"line":5,"column":0},"end":{"line":5,"column":30}},"3":{"start":{"line":6,"column":0},"end":{"line":6,"column":27}},"4":{"start":{"line":7,"column":0},"end":{"line":7,"column":30}},"5":{"start":{"line":10,"column":0},"end":{"line":10,"column":13}},"6":{"start":{"line":11,"column":4},"end":{"line":11,"column":null}},"7":{"start":{"line":12,"column":4},"end":{"line":12,"column":null}},"8":{"start":{"line":14,"column":8},"end":{"line":14,"column":null}},"9":{"start":{"line":17,"column":9},"end":{"line":39,"column":null}},"10":{"start":{"line":19,"column":14},"end":{"line":19,"column":null}},"11":{"start":{"line":21,"column":12},"end":{"line":21,"column":null}},"12":{"start":{"line":22,"column":8},"end":{"line":26,"column":null}},"13":{"start":{"line":23,"column":18},"end":{"line":23,"column":null}},"14":{"start":{"line":24,"column":16},"end":{"line":24,"column":null}},"15":{"start":{"line":25,"column":12},"end":{"line":25,"column":null}},"16":{"start":{"line":29,"column":12},"end":{"line":29,"column":null}},"17":{"start":{"line":30,"column":23},"end":{"line":30,"column":null}},"18":{"start":{"line":30,"column":16},"end":{"line":30,"column":null}},"19":{"start":{"line":31,"column":12},"end":{"line":33,"column":null}},"20":{"start":{"line":32,"column":16},"end":{"line":32,"column":null}},"21":{"start":{"line":35,"column":12},"end":{"line":35,"column":null}},"22":{"start":{"line":41,"column":10},"end":{"line":54,"column":null}},"23":{"start":{"line":43,"column":16},"end":{"line":43,"column":null}},"24":{"start":{"line":44,"column":28},"end":{"line":44,"column":null}},"25":{"start":{"line":44,"column":16},"end":{"line":44,"column":null}},"26":{"start":{"line":45,"column":16},"end":{"line":45,"column":69}},"27":{"start":{"line":46,"column":12},"end":{"line":50,"column":null}},"28":{"start":{"line":52,"column":12},"end":{"line":52,"column":null}},"29":{"start":{"line":56,"column":4},"end":{"line":73,"column":null}},"30":{"start":{"line":57,"column":23},"end":{"line":62,"column":10}},"31":{"start":{"line":63,"column":20},"end":{"line":69,"column":null}},"32":{"start":{"line":71,"column":29},"end":{"line":71,"column":55}},"33":{"start":{"line":72,"column":8},"end":{"line":72,"column":null}},"34":{"start":{"line":76,"column":4},"end":{"line":80,"column":null}},"35":{"start":{"line":77,"column":22},"end":{"line":77,"column":36}},"36":{"start":{"line":78,"column":8},"end":{"line":78,"column":null}},"37":{"start":{"line":79,"column":8},"end":{"line":79,"column":null}},"38":{"start":{"line":82,"column":4},"end":{"line":84,"column":null}},"39":{"start":{"line":83,"column":8},"end":{"line":83,"column":58}},"40":{"start":{"line":90,"column":0},"end":{"line":90,"column":null}},"41":{"start":{"line":10,"column":13},"end":{"line":10,"column":26}}},"fnMap":{"0":{"name":"(anonymous_16)","decl":{"start":{"line":10,"column":0},"end":{"line":10,"column":13}},"loc":{"start":{"line":10,"column":0},"end":{"line":90,"column":null}}},"1":{"name":"RegController","decl":{"start":{"line":13,"column":4},"end":{"line":13,"column":null}},"loc":{"start":{"line":13,"column":4},"end":{"line":15,"column":5}}},"2":{"name":"(anonymous_18)","decl":{"start":{"line":17,"column":3},"end":{"line":17,"column":9}},"loc":{"start":{"line":17,"column":59},"end":{"line":39,"column":null}}},"3":{"name":"(anonymous_21)","decl":{"start":{"line":41,"column":4},"end":{"line":41,"column":10}},"loc":{"start":{"line":41,"column":37},"end":{"line":54,"column":null}}},"4":{"name":"(anonymous_24)","decl":{"start":{"line":56,"column":4},"end":{"line":56,"column":20}},"loc":{"start":{"line":56,"column":36},"end":{"line":73,"column":5}}},"5":{"name":"(anonymous_25)","decl":{"start":{"line":76,"column":4},"end":{"line":76,"column":13}},"loc":{"start":{"line":76,"column":38},"end":{"line":80,"column":5}}},"6":{"name":"(anonymous_26)","decl":{"start":{"line":82,"column":4},"end":{"line":82,"column":16}},"loc":{"start":{"line":82,"column":31},"end":{"line":84,"column":5}}}},"branchMap":{"0":{"loc":{"start":{"line":11,"column":11},"end":{"line":11,"column":47}},"type":"binary-expr","locations":[{"start":{"line":11,"column":11},"end":{"line":11,"column":27}},{"start":{"line":11,"column":31},"end":{"line":11,"column":47}}]},"1":{"loc":{"start":{"line":22,"column":8},"end":{"line":26,"column":null}},"type":"if","locations":[{"start":{"line":22,"column":8},"end":{"line":26,"column":null}}]},"2":{"loc":{"start":{"line":31,"column":12},"end":{"line":33,"column":null}},"type":"if","locations":[{"start":{"line":31,"column":12},"end":{"line":33,"column":null}}]}},"s":{"0":2,"1":2,"2":2,"3":2,"4":2,"5":2,"6":8,"7":8,"8":8,"9":2,"10":6,"11":6,"12":6,"13":3,"14":3,"15":3,"16":3,"17":3,"18":3,"19":3,"20":3,"21":0,"22":2,"23":0,"24":0,"25":0,"26":0,"27":0,"28":0,"29":2,"30":6,"31":6,"32":6,"33":6,"34":2,"35":4,"36":4,"37":4,"38":2,"39":3,"40":2,"41":2},"f":{"0":2,"1":8,"2":6,"3":0,"4":6,"5":4,"6":3},"b":{"0":[8,8],"1":[3],"2":[3]}}
,"C:\\Users\\HP\\Desktop\\E-health\\regUsers\\regUsers.model.ts": {"path":"C:\\Users\\HP\\Desktop\\E-health\\regUsers\\regUsers.model.ts","statementMap":{"0":{"start":{"line":1,"column":0},"end":{"line":1,"column":31}},"1":{"start":{"line":3,"column":19},"end":{"line":48,"column":null}},"2":{"start":{"line":53,"column":0},"end":{"line":53,"column":null}}},"fnMap":{},"branchMap":{},"s":{"0":5,"1":5,"2":5},"f":{},"b":{}}
,"C:\\Users\\HP\\Desktop\\E-health\\regUsers\\regUsers.route.ts": {"path":"C:\\Users\\HP\\Desktop\\E-health\\regUsers\\regUsers.route.ts","statementMap":{"0":{"start":{"line":1,"column":0},"end":{"line":1,"column":29}},"1":{"start":{"line":2,"column":18},"end":{"line":2,"column":34}},"2":{"start":{"line":3,"column":0},"end":{"line":3,"column":51}},"3":{"start":{"line":4,"column":13},"end":{"line":4,"column":32}},"4":{"start":{"line":5,"column":0},"end":{"line":5,"column":41}},"5":{"start":{"line":7,"column":11},"end":{"line":7,"column":23}},"6":{"start":{"line":8,"column":15},"end":{"line":8,"column":32}},"7":{"start":{"line":10,"column":4},"end":{"line":11,"column":null}},"8":{"start":{"line":12,"column":4},"end":{"line":12,"column":null}},"9":{"start":{"line":15,"column":0},"end":{"line":15,"column":null}}},"fnMap":{"0":{"name":"Regroute","decl":{"start":{"line":9,"column":9},"end":{"line":9,"column":17}},"loc":{"start":{"line":9,"column":17},"end":{"line":13,"column":1}}}},"branchMap":{},"s":{"0":1,"1":1,"2":1,"3":1,"4":1,"5":1,"6":1,"7":1,"8":1,"9":1},"f":{"0":1},"b":{}}
,"C:\\Users\\HP\\Desktop\\E-health\\utility\\utility.ts": {"path":"C:\\Users\\HP\\Desktop\\E-health\\utility\\utility.ts","statementMap":{"0":{"start":{"line":2,"column":0},"end":{"line":2,"column":27}},"1":{"start":{"line":3,"column":0},"end":{"line":3,"column":30}},"2":{"start":{"line":4,"column":0},"end":{"line":4,"column":27}},"3":{"start":{"line":7,"column":0},"end":{"line":7,"column":13}},"4":{"start":{"line":8,"column":4},"end":{"line":8,"column":null}},"5":{"start":{"line":9,"column":18},"end":{"line":9,"column":63}},"6":{"start":{"line":12,"column":4},"end":{"line":26,"column":null}},"7":{"start":{"line":13,"column":8},"end":{"line":16,"column":null}},"8":{"start":{"line":14,"column":20},"end":{"line":14,"column":60}},"9":{"start":{"line":15,"column":12},"end":{"line":15,"column":null}},"10":{"start":{"line":19,"column":20},"end":{"line":19,"column":62}},"11":{"start":{"line":20,"column":9},"end":{"line":23,"column":null}},"12":{"start":{"line":21,"column":8},"end":{"line":22,"column":null}},"13":{"start":{"line":22,"column":12},"end":{"line":22,"column":null}},"14":{"start":{"line":25,"column":4},"end":{"line":25,"column":null}},"15":{"start":{"line":28,"column":4},"end":{"line":39,"column":null}},"16":{"start":{"line":29,"column":22},"end":{"line":29,"column":36}},"17":{"start":{"line":30,"column":25},"end":{"line":30,"column":41}},"18":{"start":{"line":31,"column":23},"end":{"line":35,"column":14}},"19":{"start":{"line":38,"column":8},"end":{"line":38,"column":null}},"20":{"start":{"line":41,"column":4},"end":{"line":52,"column":null}},"21":{"start":{"line":42,"column":24},"end":{"line":49,"column":10}},"22":{"start":{"line":44,"column":16},"end":{"line":44,"column":null}},"23":{"start":{"line":47,"column":16},"end":{"line":47,"column":null}},"24":{"start":{"line":51,"column":8},"end":{"line":51,"column":null}},"25":{"start":{"line":54,"column":4},"end":{"line":65,"column":null}},"26":{"start":{"line":55,"column":27},"end":{"line":62,"column":5}},"27":{"start":{"line":56,"column":12},"end":{"line":61,"column":null}},"28":{"start":{"line":57,"column":16},"end":{"line":57,"column":null}},"29":{"start":{"line":60,"column":16},"end":{"line":60,"column":null}},"30":{"start":{"line":64,"column":4},"end":{"line":64,"column":null}},"31":{"start":{"line":67,"column":4},"end":{"line":71,"column":null}},"32":{"start":{"line":68,"column":22},"end":{"line":68,"column":36}},"33":{"start":{"line":69,"column":8},"end":{"line":69,"column":null}},"34":{"start":{"line":70,"column":8},"end":{"line":70,"column":null}},"35":{"start":{"line":72,"column":0},"end":{"line":72,"column":null}},"36":{"start":{"line":7,"column":13},"end":{"line":7,"column":19}}},"fnMap":{"0":{"name":"(anonymous_1)","decl":{"start":{"line":7,"column":0},"end":{"line":7,"column":13}},"loc":{"start":{"line":7,"column":0},"end":{"line":72,"column":null}}},"1":{"name":"Utiliy","decl":{"start":{"line":9,"column":4},"end":{"line":9,"column":18}},"loc":{"start":{"line":9,"column":4},"end":{"line":9,"column":63}}},"2":{"name":"(anonymous_3)","decl":{"start":{"line":12,"column":4},"end":{"line":12,"column":19}},"loc":{"start":{"line":12,"column":64},"end":{"line":26,"column":5}}},"3":{"name":"(anonymous_4)","decl":{"start":{"line":20,"column":41},"end":{"line":20,"column":42}},"loc":{"start":{"line":20,"column":64},"end":{"line":23,"column":5}}},"4":{"name":"(anonymous_5)","decl":{"start":{"line":28,"column":4},"end":{"line":28,"column":14}},"loc":{"start":{"line":28,"column":4},"end":{"line":39,"column":5}}},"5":{"name":"(anonymous_6)","decl":{"start":{"line":41,"column":4},"end":{"line":41,"column":11}},"loc":{"start":{"line":41,"column":4},"end":{"line":52,"column":5}}},"6":{"name":"(anonymous_7)","decl":{"start":{"line":43,"column":25},"end":{"line":43,"column":34}},"loc":{"start":{"line":43,"column":47},"end":{"line":45,"column":13}}},"7":{"name":"(anonymous_8)","decl":{"start":{"line":46,"column":22},"end":{"line":46,"column":31}},"loc":{"start":{"line":46,"column":44},"end":{"line":48,"column":13}}},"8":{"name":"(anonymous_9)","decl":{"start":{"line":54,"column":4},"end":{"line":54,"column":13}},"loc":{"start":{"line":54,"column":4},"end":{"line":65,"column":5}}},"9":{"name":"(anonymous_10)","decl":{"start":{"line":55,"column":27},"end":{"line":55,"column":28}},"loc":{"start":{"line":55,"column":56},"end":{"line":62,"column":5}}},"10":{"name":"(anonymous_11)","decl":{"start":{"line":67,"column":4},"end":{"line":67,"column":13}},"loc":{"start":{"line":67,"column":38},"end":{"line":71,"column":5}}}},"branchMap":{"0":{"loc":{"start":{"line":13,"column":8},"end":{"line":16,"column":null}},"type":"if","locations":[{"start":{"line":13,"column":8},"end":{"line":16,"column":null}}]},"1":{"loc":{"start":{"line":21,"column":8},"end":{"line":22,"column":null}},"type":"if","locations":[{"start":{"line":21,"column":8},"end":{"line":22,"column":null}}]},"2":{"loc":{"start":{"line":56,"column":12},"end":{"line":61,"column":null}},"type":"if","locations":[{"start":{"line":56,"column":12},"end":{"line":61,"column":null}},{"start":{"line":58,"column":17},"end":{"line":61,"column":null}}]},"3":{"loc":{"start":{"line":56,"column":15},"end":{"line":56,"column":78}},"type":"binary-expr","locations":[{"start":{"line":56,"column":15},"end":{"line":56,"column":45}},{"start":{"line":56,"column":49},"end":{"line":56,"column":78}}]}},"s":{"0":1,"1":1,"2":1,"3":1,"4":1,"5":1,"6":1,"7":0,"8":0,"9":0,"10":0,"11":0,"12":0,"13":0,"14":0,"15":1,"16":1,"17":1,"18":1,"19":1,"20":1,"21":1,"22":0,"23":0,"24":1,"25":1,"26":1,"27":0,"28":0,"29":0,"30":1,"31":1,"32":0,"33":0,"34":0,"35":1,"36":1},"f":{"0":1,"1":1,"2":0,"3":0,"4":1,"5":1,"6":0,"7":0,"8":1,"9":0,"10":0},"b":{"0":[0],"1":[0],"2":[0,0],"3":[0,0]}}
}
