TN:
SF:logInUsers\loginUsers.controller.ts
FN:9,(anonymous_16)
FN:11,loginController
FN:13,(anonymous_18)
FN:49,(anonymous_21)
FN:55,(anonymous_22)
FN:73,(anonymous_23)
FN:86,(anonymous_26)
FN:100,(anonymous_29)
FNF:8
FNH:5
FNDA:2,(anonymous_16)
FNDA:8,loginController
FNDA:7,(anonymous_18)
FNDA:0,(anonymous_21)
FNDA:7,(anonymous_22)
FNDA:0,(anonymous_23)
FNDA:0,(anonymous_26)
FNDA:5,(anonymous_29)
DA:2,2
DA:4,2
DA:5,2
DA:6,2
DA:7,2
DA:9,2
DA:10,8
DA:11,8
DA:13,2
DA:14,7
DA:16,7
DA:17,7
DA:18,1
DA:19,1
DA:20,1
DA:24,6
DA:25,6
DA:26,2
DA:27,2
DA:29,4
DA:30,4
DA:31,2
DA:32,2
DA:35,2
DA:36,2
DA:42,2
DA:45,0
DA:49,2
DA:50,0
DA:51,0
DA:55,2
DA:56,7
DA:61,7
DA:69,7
DA:70,7
DA:73,2
DA:75,0
DA:78,0
DA:81,0
DA:86,2
DA:88,0
DA:93,0
DA:95,0
DA:100,2
DA:101,5
DA:102,5
DA:103,5
DA:105,2
LF:48
LH:39
BRDA:17,0,0,1
BRDA:25,1,0,2
BRDA:30,2,0,2
BRF:3
BRH:3
end_of_record
TN:
SF:logInUsers\loginUsers.route.ts
FN:6,Regroute
FNF:1
FNH:1
FNDA:1,Regroute
DA:1,1
DA:2,1
DA:3,1
DA:4,1
DA:7,1
DA:9,1
DA:12,1
LF:7
LH:7
BRF:0
BRH:0
end_of_record
TN:
SF:regUsers\regUsers.controller.ts
FN:10,(anonymous_16)
FN:13,RegController
FN:17,(anonymous_18)
FN:41,(anonymous_21)
FN:56,(anonymous_24)
FN:76,(anonymous_25)
FN:82,(anonymous_26)
FNF:7
FNH:6
FNDA:2,(anonymous_16)
FNDA:8,RegController
FNDA:6,(anonymous_18)
FNDA:0,(anonymous_21)
FNDA:6,(anonymous_24)
FNDA:4,(anonymous_25)
FNDA:3,(anonymous_26)
DA:3,2
DA:4,2
DA:5,2
DA:6,2
DA:7,2
DA:10,2
DA:11,8
DA:12,8
DA:14,8
DA:17,2
DA:19,6
DA:21,6
DA:22,6
DA:23,3
DA:24,3
DA:25,3
DA:29,3
DA:30,3
DA:31,3
DA:32,3
DA:35,0
DA:41,2
DA:43,0
DA:44,0
DA:45,0
DA:46,0
DA:52,0
DA:56,2
DA:57,6
DA:63,6
DA:71,6
DA:72,6
DA:76,2
DA:77,4
DA:78,4
DA:79,4
DA:82,2
DA:83,3
DA:90,2
LF:39
LH:33
BRDA:11,0,0,8
BRDA:11,0,1,8
BRDA:22,1,0,3
BRDA:31,2,0,3
BRF:4
BRH:4
end_of_record
TN:
SF:regUsers\regUsers.model.ts
FNF:0
FNH:0
DA:1,5
DA:3,5
DA:53,5
LF:3
LH:3
BRF:0
BRH:0
end_of_record
TN:
SF:regUsers\regUsers.route.ts
FN:9,Regroute
FNF:1
FNH:1
FNDA:1,Regroute
DA:1,1
DA:2,1
DA:3,1
DA:4,1
DA:5,1
DA:7,1
DA:8,1
DA:10,1
DA:12,1
DA:15,1
LF:10
LH:10
BRF:0
BRH:0
end_of_record
TN:
SF:utility\utility.ts
FN:7,(anonymous_1)
FN:9,Utiliy
FN:12,(anonymous_3)
FN:20,(anonymous_4)
FN:28,(anonymous_5)
FN:41,(anonymous_6)
FN:43,(anonymous_7)
FN:46,(anonymous_8)
FN:54,(anonymous_9)
FN:55,(anonymous_10)
FN:67,(anonymous_11)
FNF:11
FNH:5
FNDA:1,(anonymous_1)
FNDA:1,Utiliy
FNDA:0,(anonymous_3)
FNDA:0,(anonymous_4)
FNDA:1,(anonymous_5)
FNDA:1,(anonymous_6)
FNDA:0,(anonymous_7)
FNDA:0,(anonymous_8)
FNDA:1,(anonymous_9)
FNDA:0,(anonymous_10)
FNDA:0,(anonymous_11)
DA:2,1
DA:3,1
DA:4,1
DA:7,1
DA:8,1
DA:9,1
DA:12,1
DA:13,0
DA:14,0
DA:15,0
DA:19,0
DA:20,0
DA:21,0
DA:22,0
DA:25,0
DA:28,1
DA:29,1
DA:30,1
DA:31,1
DA:38,1
DA:41,1
DA:42,1
DA:44,0
DA:47,0
DA:51,1
DA:54,1
DA:55,1
DA:56,0
DA:57,0
DA:60,0
DA:64,1
DA:67,1
DA:68,0
DA:69,0
DA:70,0
DA:72,1
LF:36
LH:20
BRDA:13,0,0,0
BRDA:21,1,0,0
BRDA:56,2,0,0
BRDA:56,2,1,0
BRDA:56,3,0,0
BRDA:56,3,1,0
BRF:6
BRH:0
end_of_record
