TN:
SF:logInUsers\loginUsers.controller.ts
FN:9,(anonymous_16)
FN:11,loginController
FN:13,(anonymous_18)
FN:48,(anonymous_21)
FN:54,(anonymous_22)
FN:72,(anonymous_23)
FN:85,(anonymous_26)
FN:99,(anonymous_29)
FNF:8
FNH:5
FNDA:2,(anonymous_16)
FNDA:8,loginController
FNDA:7,(anonymous_18)
FNDA:0,(anonymous_21)
FNDA:7,(anonymous_22)
FNDA:0,(anonymous_23)
FNDA:0,(anonymous_26)
FNDA:5,(anonymous_29)
DA:2,2
DA:4,2
DA:5,2
DA:6,2
DA:7,2
DA:9,2
DA:10,8
DA:11,8
DA:13,2
DA:14,7
DA:16,7
DA:17,7
DA:18,1
DA:19,1
DA:20,1
DA:24,6
DA:25,6
DA:26,2
DA:27,2
DA:29,4
DA:30,4
DA:31,2
DA:32,2
DA:35,2
DA:36,2
DA:41,2
DA:44,0
DA:48,2
DA:49,0
DA:50,0
DA:54,2
DA:55,7
DA:60,7
DA:68,7
DA:69,7
DA:72,2
DA:74,0
DA:77,0
DA:80,0
DA:85,2
DA:87,0
DA:92,0
DA:94,0
DA:99,2
DA:100,5
DA:101,5
DA:102,5
DA:104,2
LF:48
LH:39
BRDA:17,0,0,1
BRDA:25,1,0,2
BRDA:30,2,0,2
BRF:3
BRH:3
end_of_record
TN:
SF:logInUsers\loginUsers.route.ts
FN:6,Regroute
FNF:1
FNH:1
FNDA:1,Regroute
DA:1,1
DA:2,1
DA:3,1
DA:4,1
DA:7,1
DA:9,1
DA:12,1
LF:7
LH:7
BRF:0
BRH:0
end_of_record
TN:
SF:regUsers\regUsers.controller.ts
FN:10,(anonymous_16)
FN:12,RegController
FN:16,(anonymous_18)
FN:39,(anonymous_21)
FN:50,(anonymous_24)
FN:72,(anonymous_25)
FN:78,(anonymous_26)
FNF:7
FNH:6
FNDA:2,(anonymous_16)
FNDA:8,RegController
FNDA:6,(anonymous_18)
FNDA:0,(anonymous_21)
FNDA:6,(anonymous_24)
FNDA:4,(anonymous_25)
FNDA:3,(anonymous_26)
DA:3,2
DA:4,2
DA:5,2
DA:6,2
DA:7,2
DA:10,2
DA:11,8
DA:13,8
DA:16,2
DA:17,6
DA:19,6
DA:20,6
DA:21,3
DA:22,3
DA:23,3
DA:27,3
DA:28,3
DA:29,3
DA:30,1
DA:33,0
DA:39,2
DA:41,0
DA:42,0
DA:43,0
DA:44,0
DA:46,0
DA:50,2
DA:51,6
DA:59,6
DA:67,6
DA:68,6
DA:72,2
DA:73,4
DA:74,4
DA:75,4
DA:78,2
DA:79,3
DA:86,2
LF:38
LH:32
BRDA:20,0,0,3
BRDA:29,1,0,1
BRF:2
BRH:2
end_of_record
TN:
SF:regUsers\regUsers.model.ts
FNF:0
FNH:0
DA:1,5
DA:3,5
DA:54,5
LF:3
LH:3
BRF:0
BRH:0
end_of_record
TN:
SF:regUsers\regUsers.route.ts
FN:6,Regroute
FNF:1
FNH:1
FNDA:1,Regroute
DA:1,1
DA:2,1
DA:3,1
DA:4,1
DA:7,1
DA:9,1
DA:12,1
LF:7
LH:7
BRF:0
BRH:0
end_of_record
